4431: UA-Ravnica Races -> UA Ravnica Races
4432: UA August 2017 SFG. No need to rename!
4433: UA Sept 2017. No need to rename!
4434: Microsoft Word - UA Feats JC -> UA Feats JC
4435: Microsoft Word - UA_Rune_Magic_Prestige_Class -> UA Rune Magic Prestige Class
4436: UA-Dragonmarks -> UA Dragonmarks
4437: UA-Bard -> UA Bard
4438: UA-FiendishOptions -> UA FiendishOptions
4439: UA-Druid -> UA Druid
4440: UA-Fighter -> UA Fighter
4441: UA-Paladin -> UA Paladin
4442: Microsoft Word - UA_Waterbornev2.docx -> UA Waterbornev
24443: UA-Monk -> UA Monk
4444: Microsoft Word - 01_UA_Psionics_and_Mystic_V2.docx -> 01 UA Psionics and Mystic V
24445: Microsoft Word - 07_UA_Demon_Material.docx -> 07 UA Demon Material
4446: UA-Mystic3 -> UA Mystic
34447: UA-Wizard -> UA Wizard
4448: UA19 - Encounter Building -> UA19 Encounter Building
4449: Microsoft Word - UA New Ranger SFG.docx -> UA New Ranger SFG
4450: UA18 - Revised Ranger -> UA18 Revised Ranger
4451: Microsoft Word - Psionics.docx -> Psionics
4452: Microsoft Word - UA Gothic Characters JC.docx -> UA Gothic Characters JC
4453: UA-Revised Class Options -> UA Revised Class Options
4454: Microsoft Word - UA Non-Divine Faithful SFG.docx -> UA Non Divine Faithful SFG
4455: UA-GiantSoul -> UA GiantSoul
4456: UA-Sidekicks -> UA Sidekicks
4457: UA Into the Wild. No need to rename!
4458: UA-ElfSubraces -> UA ElfSubraces
4459: UA20 - Barbarian -> UA20 Barbarian
4460: UA-Traps -> UA Traps
4461: Microsoft Word - 04_UA_Classics_Revisited.docx -> 04 UA Classics Revisited
4462: UA-Downtime -> UA Downtime
4463: Microsoft Word - UA_Underdark_SFG.docx -> UA Underdark SFG
4464: UA01 - Eberron -> UA01 Eberron
4465: UA55 - Magic Items of Eberron -> UA55 Magic Items of Eberron
4466: UA-Centaur -> UA Centaur
4467: UA-Cleric -> UA Cleric
4468: UA-Spells -> UA Spells
4469: UA Initiative SFG MM. No need to rename!
4470: UA16 - Quick Characters -> UA16 Quick Characters
4471: UA-RevisedSubclasses -> UA RevisedSubclasses
4472: UA-MassCombat -> UA MassCombat
4473: UA-Ranger-Rogue -> UA Ranger Rogue
4474: UA03 - Modifying Classes -> UA03 Modifying Classes
4475: UA-EberronRaces -> UA EberronRaces
4476: UA-Warlock-Wizard -> UA Warlock Wizard
4477: UA-OrderDomain -> UA OrderDomain
4478: UA-SkillFeats -> UA SkillFeats
4479: UA-Artificer -> UA Artificer
4480: UA-RacialFeats -> UA RacialFeats
4481: UA-2018.01.08-Subclasses -> UA 2018.01.08 Subclasses
4482: UA-ShipsSea -> UA ShipsSea
4483: UA02 - Battlesystem -> UA02 Battlesystem
4484: UA07 - Modern Magic -> UA07 Modern Magic
4485: UA-Sorcerer -> UA Sorcerer
4486: UA-Three Subclasses -> UA Three Subclasses
4487: UA5 Variant Rules. No need to rename!
Finished operation:
  Total:    57
  Renamed:  52
